빌드 시작: 2013-04-11 오전 9:25:22
     1>2 노드의 "C:\Users\최슬기\Desktop\2012-2\비주얼프로그래밍\4조_VisualProgrmming_\4조mfc\Game\Game.vcxproj" 프로젝트(build 대상)입니다.
     1>InitializeBuildStatus:
         "AlwaysCreate"이(가) 지정되었기 때문에 "Debug\Game.unsuccessfulbuild"을(를) 만들고 있습니다.
       ClCompile:
         c:\Program Files\Microsoft Visual Studio 10.0\VC\bin\CL.exe /c /ZI /nologo /W3 /WX- /Od /Oy- /D WIN32 /D _WINDOWS /D _DEBUG /D _UNICODE /D UNICODE /D _AFXDLL /Gm /EHsc /RTC1 /MDd /GS /fp:precise /Zc:wchar_t /Zc:forScope /Yc"StdAfx.h" /Fp"Debug\Game.pch" /Fo"Debug\\" /Fd"Debug\vc100.pdb" /Gd /TP /analyze- /errorReport:prompt stdafx.cpp
         stdafx.cpp
         c:\Program Files\Microsoft Visual Studio 10.0\VC\bin\CL.exe /c /ZI /nologo /W3 /WX- /Od /Oy- /D WIN32 /D _WINDOWS /D _DEBUG /D _UNICODE /D UNICODE /D _AFXDLL /Gm /EHsc /RTC1 /MDd /GS /fp:precise /Zc:wchar_t /Zc:forScope /Yu"StdAfx.h" /Fp"Debug\Game.pch" /Fo"Debug\\" /Fd"Debug\vc100.pdb" /Gd /TP /analyze- /errorReport:prompt Game.cpp GameDoc.cpp GameView.cpp LevelDlg.cpp MainFrm.cpp RankDlg.cpp RankNameDlg.cpp TimeDlg.cpp
         TimeDlg.cpp
         RankNameDlg.cpp
         RankDlg.cpp
     1>c:\users\최슬기\desktop\2012-2\비주얼프로그래밍\4조_visualprogrmming_\4조mfc\game\rankdlg.cpp(316): warning C4996: 'fopen': This function or variable may be unsafe. Consider using fopen_s instead. To disable deprecation, use _CRT_SECURE_NO_WARNINGS. See online help for details.
                 c:\program files\microsoft visual studio 10.0\vc\include\stdio.h(234) : 'fopen' 선언을 참조하십시오.
     1>c:\users\최슬기\desktop\2012-2\비주얼프로그래밍\4조_visualprogrmming_\4조mfc\game\rankdlg.cpp(318): warning C4996: 'fopen': This function or variable may be unsafe. Consider using fopen_s instead. To disable deprecation, use _CRT_SECURE_NO_WARNINGS. See online help for details.
                 c:\program files\microsoft visual studio 10.0\vc\include\stdio.h(234) : 'fopen' 선언을 참조하십시오.
     1>c:\users\최슬기\desktop\2012-2\비주얼프로그래밍\4조_visualprogrmming_\4조mfc\game\rankdlg.cpp(320): warning C4996: 'fopen': This function or variable may be unsafe. Consider using fopen_s instead. To disable deprecation, use _CRT_SECURE_NO_WARNINGS. See online help for details.
                 c:\program files\microsoft visual studio 10.0\vc\include\stdio.h(234) : 'fopen' 선언을 참조하십시오.
         MainFrm.cpp
         LevelDlg.cpp
         GameView.cpp
         GameDoc.cpp
         Game.cpp
         코드를 생성하고 있습니다...
       ResourceCompile:
         c:\Program Files\Microsoft SDKs\Windows\v7.0A\bin\rc.exe /D _DEBUG /D _UNICODE /D UNICODE /D _AFXDLL /l"0x0412" /IDebug\ /nologo /fo"Debug\Game.res" Game.rc 
         
     1>Game.rc(84): error RC2135: file not found: C:\image\cover.bmp
         
         
     1>Game.rc(85): error RC2135: file not found: C:\image\suji0.bmp
         
         
     1>Game.rc(86): error RC2135: file not found: C:\image\suji1.bmp
         
         
     1>Game.rc(87): error RC2135: file not found: C:\image\suji2.bmp
         
         
     1>Game.rc(88): error RC2135: file not found: C:\image\suji3.bmp
         
         
     1>Game.rc(89): error RC2135: file not found: C:\image\suji4.bmp
         
         
     1>Game.rc(90): error RC2135: file not found: C:\image\suji5.bmp
         
         
     1>Game.rc(91): error RC2135: file not found: C:\image\suji6.bmp
         
         
     1>Game.rc(92): error RC2135: file not found: C:\image\suji7.bmp
         
         
     1>Game.rc(93): error RC2135: file not found: C:\image\suji8.bmp
         
         
     1>Game.rc(94): error RC2135: file not found: C:\image\suji9.bmp
         
         
     1>Game.rc(95): error RC2135: file not found: C:\image\suji10.bmp
         
         
     1>Game.rc(96): error RC2135: file not found: C:\image\suji11.bmp
         
         
     1>Game.rc(97): error RC2135: file not found: C:\image\suji12.bmp
         
         
     1>Game.rc(98): error RC2135: file not found: C:\image\suji13.bmp
         
         
     1>Game.rc(99): error RC2135: file not found: C:\image\suji14.bmp
         
         
     1>Game.rc(100): error RC2135: file not found: C:\image\suji15.bmp
         
         
     1>Game.rc(101): error RC2135: file not found: C:\image\suji16.bmp
         
         
     1>Game.rc(102): error RC2135: file not found: C:\image\suji17.bmp
         
         
     1>Game.rc(103): error RC2135: file not found: C:\image\suji18.bmp
         
         
     1>Game.rc(421): error RC2135: file not found: C:\image\Terranigma-Light_Side_Field.mp3
         
         
     1>Game.rc(428): error RC2135: file not found: C:\image\
     1>"C:\Users\최슬기\Desktop\2012-2\비주얼프로그래밍\4조_VisualProgrmming_\4조mfc\Game\Game.vcxproj" 프로젝트를 빌드했습니다(build 대상). - 실패

빌드하지 못했습니다.

경과 시간: 00:00:24.84
