C:\USERS\이의재\DESKTOP\GAMEPJ_1\GAME\DEBUG\GAME.EXE
C:\USERS\이의재\DESKTOP\GAMEPJ_1\GAME\DEBUG\GAME.ILK
C:\USERS\이의재\DESKTOP\GAMEPJ_1\GAME\DEBUG\GAME.PDB
C:\Users\이의재\Desktop\GamePJ_1\Game\Game\Debug\cl.command.1.tlog
C:\Users\이의재\Desktop\GamePJ_1\Game\Game\Debug\CL.read.1.tlog
C:\Users\이의재\Desktop\GamePJ_1\Game\Game\Debug\CL.write.1.tlog
C:\Users\이의재\Desktop\GamePJ_1\Game\Game\Debug\Game.exe.embed.manifest
C:\USERS\이의재\DESKTOP\GAMEPJ_1\GAME\GAME\DEBUG\GAME.EXE.EMBED.MANIFEST.RES
C:\USERS\이의재\DESKTOP\GAMEPJ_1\GAME\GAME\DEBUG\GAME.EXE.INTERMEDIATE.MANIFEST
C:\USERS\이의재\DESKTOP\GAMEPJ_1\GAME\GAME\DEBUG\GAME.OBJ
C:\USERS\이의재\DESKTOP\GAMEPJ_1\GAME\GAME\DEBUG\GAME.PCH
C:\USERS\이의재\DESKTOP\GAMEPJ_1\GAME\GAME\DEBUG\GAME.RES
C:\Users\이의재\Desktop\GamePJ_1\Game\Game\Debug\Game_manifest.rc
C:\USERS\이의재\DESKTOP\GAMEPJ_1\GAME\GAME\DEBUG\GAMEDOC.OBJ
C:\USERS\이의재\DESKTOP\GAMEPJ_1\GAME\GAME\DEBUG\GAMEVIEW.OBJ
C:\USERS\이의재\DESKTOP\GAMEPJ_1\GAME\GAME\DEBUG\LANKNAMEDLG.OBJ
C:\USERS\이의재\DESKTOP\GAMEPJ_1\GAME\GAME\DEBUG\LEVELDLG.OBJ
C:\Users\이의재\Desktop\GamePJ_1\Game\Game\Debug\link.2012.read.1.tlog
C:\Users\이의재\Desktop\GamePJ_1\Game\Game\Debug\link.2012.write.1.tlog
C:\Users\이의재\Desktop\GamePJ_1\Game\Game\Debug\link.2012-cvtres.read.1.tlog
C:\Users\이의재\Desktop\GamePJ_1\Game\Game\Debug\link.2012-cvtres.write.1.tlog
C:\Users\이의재\Desktop\GamePJ_1\Game\Game\Debug\link.2772.read.1.tlog
C:\Users\이의재\Desktop\GamePJ_1\Game\Game\Debug\link.2772.write.1.tlog
C:\Users\이의재\Desktop\GamePJ_1\Game\Game\Debug\link.2772-cvtres.read.1.tlog
C:\Users\이의재\Desktop\GamePJ_1\Game\Game\Debug\link.2772-cvtres.write.1.tlog
C:\Users\이의재\Desktop\GamePJ_1\Game\Game\Debug\link.4908.read.1.tlog
C:\Users\이의재\Desktop\GamePJ_1\Game\Game\Debug\link.4908.write.1.tlog
C:\Users\이의재\Desktop\GamePJ_1\Game\Game\Debug\link.4908-cvtres.read.1.tlog
C:\Users\이의재\Desktop\GamePJ_1\Game\Game\Debug\link.4908-cvtres.write.1.tlog
C:\Users\이의재\Desktop\GamePJ_1\Game\Game\Debug\link.6140.read.1.tlog
C:\Users\이의재\Desktop\GamePJ_1\Game\Game\Debug\link.6140.write.1.tlog
C:\Users\이의재\Desktop\GamePJ_1\Game\Game\Debug\link.6140-cvtres.read.1.tlog
C:\Users\이의재\Desktop\GamePJ_1\Game\Game\Debug\link.6140-cvtres.write.1.tlog
C:\Users\이의재\Desktop\GamePJ_1\Game\Game\Debug\link.7732.read.1.tlog
C:\Users\이의재\Desktop\GamePJ_1\Game\Game\Debug\link.7732.write.1.tlog
C:\Users\이의재\Desktop\GamePJ_1\Game\Game\Debug\link.7732-cvtres.read.1.tlog
C:\Users\이의재\Desktop\GamePJ_1\Game\Game\Debug\link.7732-cvtres.write.1.tlog
C:\Users\이의재\Desktop\GamePJ_1\Game\Game\Debug\link.7956.read.1.tlog
C:\Users\이의재\Desktop\GamePJ_1\Game\Game\Debug\link.7956.write.1.tlog
C:\Users\이의재\Desktop\GamePJ_1\Game\Game\Debug\link.7956-cvtres.read.1.tlog
C:\Users\이의재\Desktop\GamePJ_1\Game\Game\Debug\link.7956-cvtres.write.1.tlog
C:\Users\이의재\Desktop\GamePJ_1\Game\Game\Debug\link.8548.read.1.tlog
C:\Users\이의재\Desktop\GamePJ_1\Game\Game\Debug\link.8548.write.1.tlog
C:\Users\이의재\Desktop\GamePJ_1\Game\Game\Debug\link.8548-cvtres.read.1.tlog
C:\Users\이의재\Desktop\GamePJ_1\Game\Game\Debug\link.8548-cvtres.write.1.tlog
C:\Users\이의재\Desktop\GamePJ_1\Game\Game\Debug\link.8788.read.1.tlog
C:\Users\이의재\Desktop\GamePJ_1\Game\Game\Debug\link.8788.write.1.tlog
C:\Users\이의재\Desktop\GamePJ_1\Game\Game\Debug\link.8788-cvtres.read.1.tlog
C:\Users\이의재\Desktop\GamePJ_1\Game\Game\Debug\link.8788-cvtres.write.1.tlog
C:\Users\이의재\Desktop\GamePJ_1\Game\Game\Debug\link.9012.read.1.tlog
C:\Users\이의재\Desktop\GamePJ_1\Game\Game\Debug\link.9012.write.1.tlog
C:\Users\이의재\Desktop\GamePJ_1\Game\Game\Debug\link.9012-cvtres.read.1.tlog
C:\Users\이의재\Desktop\GamePJ_1\Game\Game\Debug\link.9012-cvtres.write.1.tlog
C:\Users\이의재\Desktop\GamePJ_1\Game\Game\Debug\link.9152.read.1.tlog
C:\Users\이의재\Desktop\GamePJ_1\Game\Game\Debug\link.9152.write.1.tlog
C:\Users\이의재\Desktop\GamePJ_1\Game\Game\Debug\link.9152-cvtres.read.1.tlog
C:\Users\이의재\Desktop\GamePJ_1\Game\Game\Debug\link.9152-cvtres.write.1.tlog
C:\Users\이의재\Desktop\GamePJ_1\Game\Game\Debug\link.9268.read.1.tlog
C:\Users\이의재\Desktop\GamePJ_1\Game\Game\Debug\link.9268.write.1.tlog
C:\Users\이의재\Desktop\GamePJ_1\Game\Game\Debug\link.9268-cvtres.read.1.tlog
C:\Users\이의재\Desktop\GamePJ_1\Game\Game\Debug\link.9268-cvtres.write.1.tlog
C:\Users\이의재\Desktop\GamePJ_1\Game\Game\Debug\link.9820.read.1.tlog
C:\Users\이의재\Desktop\GamePJ_1\Game\Game\Debug\link.9820.write.1.tlog
C:\Users\이의재\Desktop\GamePJ_1\Game\Game\Debug\link.9820-cvtres.read.1.tlog
C:\Users\이의재\Desktop\GamePJ_1\Game\Game\Debug\link.9820-cvtres.write.1.tlog
C:\Users\이의재\Desktop\GamePJ_1\Game\Game\Debug\link.9932.read.1.tlog
C:\Users\이의재\Desktop\GamePJ_1\Game\Game\Debug\link.9932.write.1.tlog
C:\Users\이의재\Desktop\GamePJ_1\Game\Game\Debug\link.9932-cvtres.read.1.tlog
C:\Users\이의재\Desktop\GamePJ_1\Game\Game\Debug\link.9932-cvtres.write.1.tlog
C:\Users\이의재\Desktop\GamePJ_1\Game\Game\Debug\link.command.1.tlog
C:\Users\이의재\Desktop\GamePJ_1\Game\Game\Debug\link.read.1.tlog
C:\Users\이의재\Desktop\GamePJ_1\Game\Game\Debug\link.write.1.tlog
C:\Users\이의재\Desktop\GamePJ_1\Game\Game\Debug\link-cvtres.read.1.tlog
C:\Users\이의재\Desktop\GamePJ_1\Game\Game\Debug\link-cvtres.write.1.tlog
C:\USERS\이의재\DESKTOP\GAMEPJ_1\GAME\GAME\DEBUG\MAINFRM.OBJ
C:\Users\이의재\Desktop\GamePJ_1\Game\Game\Debug\mt.command.1.tlog
C:\Users\이의재\Desktop\GamePJ_1\Game\Game\Debug\mt.read.1.tlog
C:\Users\이의재\Desktop\GamePJ_1\Game\Game\Debug\mt.write.1.tlog
C:\USERS\이의재\DESKTOP\GAMEPJ_1\GAME\GAME\DEBUG\RANKDLG.OBJ
C:\USERS\이의재\DESKTOP\GAMEPJ_1\GAME\GAME\DEBUG\RANKNAMEDLG.OBJ
C:\Users\이의재\Desktop\GamePJ_1\Game\Game\Debug\rc.command.1.tlog
C:\Users\이의재\Desktop\GamePJ_1\Game\Game\Debug\rc.read.1.tlog
C:\Users\이의재\Desktop\GamePJ_1\Game\Game\Debug\rc.write.1.tlog
C:\USERS\이의재\DESKTOP\GAMEPJ_1\GAME\GAME\DEBUG\STDAFX.OBJ
C:\Users\이의재\Desktop\GamePJ_1\Game\Game\Debug\vc100.idb
C:\USERS\이의재\DESKTOP\GAMEPJ_1\GAME\GAME\DEBUG\VC100.PDB
C:\USERS\최슬기\DESKTOP\비주얼프로그래밍\GAMEPJ\GAME\DEBUG\GAME.EXE
C:\USERS\최슬기\DESKTOP\비주얼프로그래밍\GAMEPJ\GAME\DEBUG\GAME.ILK
C:\USERS\최슬기\DESKTOP\비주얼프로그래밍\GAMEPJ\GAME\DEBUG\GAME.PDB
C:\USERS\최슬기\DESKTOP\비주얼프로그래밍\GAMEPJ\GAME\GAME\DEBUG\GAME.EXE.EMBED.MANIFEST
C:\USERS\최슬기\DESKTOP\비주얼프로그래밍\GAMEPJ\GAME\GAME\DEBUG\GAME.EXE.EMBED.MANIFEST.RES
C:\USERS\최슬기\DESKTOP\비주얼프로그래밍\GAMEPJ\GAME\GAME\DEBUG\GAME.EXE.INTERMEDIATE.MANIFEST
C:\USERS\최슬기\DESKTOP\비주얼프로그래밍\GAMEPJ\GAME\GAME\DEBUG\GAME.OBJ
C:\USERS\최슬기\DESKTOP\비주얼프로그래밍\GAMEPJ\GAME\GAME\DEBUG\GAME.PCH
C:\USERS\최슬기\DESKTOP\비주얼프로그래밍\GAMEPJ\GAME\GAME\DEBUG\GAME.RES
C:\USERS\최슬기\DESKTOP\비주얼프로그래밍\GAMEPJ\GAME\GAME\DEBUG\GAMEDOC.OBJ
C:\USERS\최슬기\DESKTOP\비주얼프로그래밍\GAMEPJ\GAME\GAME\DEBUG\GAMEVIEW.OBJ
C:\USERS\최슬기\DESKTOP\비주얼프로그래밍\GAMEPJ\GAME\GAME\DEBUG\LEVELDLG.OBJ
C:\USERS\최슬기\DESKTOP\비주얼프로그래밍\GAMEPJ\GAME\GAME\DEBUG\MAINFRM.OBJ
C:\USERS\최슬기\DESKTOP\비주얼프로그래밍\GAMEPJ\GAME\GAME\DEBUG\STDAFX.OBJ
C:\USERS\최슬기\DESKTOP\비주얼프로그래밍\GAMEPJ\GAME\GAME\DEBUG\VC100.PDB
